<?xml version="1.0" encoding="UTF-8"?>
<!-- Generated by org.testng.reporters.JUnitReportReporter -->
<testsuite hostname="Nadsoft" failures="0" tests="2" name="HomePage" time="1.231" errors="0" timestamp="2023-06-16T23:47:45 EET" skipped="0">
  <testcase classname="HomePage" name="add_item" time="0.144"/>
  <system-out/>
  <testcase classname="HomePage" name="check_the_price" time="1.087"/>
  <system-out/>
</testsuite> <!-- HomePage -->
